[2025-03-19 7:31:10] [INFO]: [
    1,
    true,
    3.5,
    "name",
    [
        1,
        2
    ],
    {
        "1": "one"
    }
]
[2025-03-19 7:35:39] [INFO]: [
    1,
    true,
    3.5,
    "name",
    [
        1,
        2
    ],
    {
        "1": "one"
    }
]
[2025-03-19 7:36:09] [INFO]: [
    1,
    true,
    3.5,
    "name",
    [
        1,
        2
    ],
    {
        "1": "one"
    }
]
[2025-03-19 7:36:09] [ERROR]: this is a error
[2025-03-19 9:35:25] [INFO]: [
    1,
    true,
    3.5,
    "name",
    [
        1,
        2
    ],
    {
        "1": "one"
    }
]
[2025-03-19 9:35:25] [ERROR]: this is a error
